  pch.cpp
  The contents of <any> are available only with C++17 or later.
  The contents of <variant> are available only with C++17 or later.
C:\Users\Ataraxia\source\repos\OpenMP_practice\TinyLogger\TinyLogger.h(30,70): warning C4244: 'return': '_Rep'에서 'float'(으)로 변환하면서 데이터가 손실될 수 있습니다.
          with
          [
              _Rep=__int64
          ]
C:\Users\Ataraxia\source\repos\OpenMP_practice\TinyLogger\TinyLogger.h(36,42): error C2039: 'variant': 'std'의 멤버가 아닙니다.
C:\Program Files (x86)\Microsoft Visual Studio\2019\Community\VC\Tools\MSVC\14.29.30133\include\iostream(19): message : 'std' 선언을 참조하십시오.
C:\Users\Ataraxia\source\repos\OpenMP_practice\TinyLogger\TinyLogger.h(36,49): error C2065: 'variant': 선언되지 않은 식별자입니다.
C:\Users\Ataraxia\source\repos\OpenMP_practice\TinyLogger\TinyLogger.h(36,50): error C2062: 예기치 않은 'int' 형식입니다.
C:\Users\Ataraxia\source\repos\OpenMP_practice\TinyLogger\TinyLogger.h(36,76): error C2059: 구문 오류: '>'
C:\Users\Ataraxia\source\repos\OpenMP_practice\TinyLogger\TinyLogger.h(36,82): error C2238: ';' 앞에 예기치 않은 토큰이 있습니다.
C:\Users\Ataraxia\source\repos\OpenMP_practice\TinyLogger\TinyLogger.h(45,18): error C2065: 'data': 선언되지 않은 식별자입니다.
C:\Users\Ataraxia\source\repos\OpenMP_practice\TinyLogger\TinyLogger.h(45,18): error C2672: 'begin': 일치하는 오버로드된 함수가 없습니다.
C:\Users\Ataraxia\source\repos\OpenMP_practice\TinyLogger\TinyLogger.h(45,24): error C2893: 함수 템플릿 'unknown-type std::begin(_Container &)'을(를) 특수화하지 못했습니다.
C:\Program Files (x86)\Microsoft Visual Studio\2019\Community\VC\Tools\MSVC\14.29.30133\include\xutility(1844): message : 'std::begin' 선언을 참조하십시오.
C:\Users\Ataraxia\source\repos\OpenMP_practice\TinyLogger\TinyLogger.h(45,24): message : 다음 템플릿 인수 사용:
C:\Users\Ataraxia\source\repos\OpenMP_practice\TinyLogger\TinyLogger.h(45,24): message : '_Container=unknown-type'
C:\Users\Ataraxia\source\repos\OpenMP_practice\TinyLogger\TinyLogger.h(45,24): error C2784: 'const _Elem *std::begin(std::initializer_list<_Elem>) noexcept': 'std::initializer_list<_Elem>'의 템플릿 인수를 'unknown-type'에서 추론할 수 없습니다.
C:\Program Files (x86)\Microsoft Visual Studio\2019\Community\VC\Tools\MSVC\14.29.30133\include\initializer_list(55): message : 'std::begin' 선언을 참조하십시오.
C:\Users\Ataraxia\source\repos\OpenMP_practice\TinyLogger\TinyLogger.h(45,18): error C2672: 'end': 일치하는 오버로드된 함수가 없습니다.
C:\Users\Ataraxia\source\repos\OpenMP_practice\TinyLogger\TinyLogger.h(45,24): error C2893: 함수 템플릿 'unknown-type std::end(_Container &)'을(를) 특수화하지 못했습니다.
C:\Program Files (x86)\Microsoft Visual Studio\2019\Community\VC\Tools\MSVC\14.29.30133\include\xutility(1854): message : 'std::end' 선언을 참조하십시오.
C:\Users\Ataraxia\source\repos\OpenMP_practice\TinyLogger\TinyLogger.h(45,24): message : 다음 템플릿 인수 사용:
C:\Users\Ataraxia\source\repos\OpenMP_practice\TinyLogger\TinyLogger.h(45,24): message : '_Container=unknown-type'
C:\Users\Ataraxia\source\repos\OpenMP_practice\TinyLogger\TinyLogger.h(45,24): error C2784: 'const _Elem *std::end(std::initializer_list<_Elem>) noexcept': 'std::initializer_list<_Elem>'의 템플릿 인수를 'unknown-type'에서 추론할 수 없습니다.
C:\Program Files (x86)\Microsoft Visual Studio\2019\Community\VC\Tools\MSVC\14.29.30133\include\initializer_list(60): message : 'std::end' 선언을 참조하십시오.
C:\Users\Ataraxia\source\repos\OpenMP_practice\TinyLogger\TinyLogger.h(45,24): error C3536: '<begin>$L0': 초기화되기 전에 사용할 수 없습니다.
C:\Users\Ataraxia\source\repos\OpenMP_practice\TinyLogger\TinyLogger.h(45,24): error C3536: '<end>$L0': 초기화되기 전에 사용할 수 없습니다.
C:\Users\Ataraxia\source\repos\OpenMP_practice\TinyLogger\TinyLogger.h(45,22): error C2100: 간접 참조가 잘못되었습니다.
C:\Users\Ataraxia\source\repos\OpenMP_practice\TinyLogger\TinyLogger.h(47,9): error C2039: 'visit': 'std'의 멤버가 아닙니다.
C:\Program Files (x86)\Microsoft Visual Studio\2019\Community\VC\Tools\MSVC\14.29.30133\include\iostream(19): message : 'std' 선언을 참조하십시오.
C:\Users\Ataraxia\source\repos\OpenMP_practice\TinyLogger\TinyLogger.h(47,14): error C3861: 'visit': 식별자를 찾을 수 없습니다.
C:\Users\Ataraxia\source\repos\OpenMP_practice\TinyLogger\TinyLogger.h(54,21): error C2039: 'data': 'TinyLogger::Logger'의 멤버가 아닙니다.
C:\Users\Ataraxia\source\repos\OpenMP_practice\TinyLogger\TinyLogger.h(34): message : 'TinyLogger::Logger' 선언을 참조하십시오.
C:\Users\Ataraxia\source\repos\OpenMP_practice\TinyLogger\TinyLogger.h(57,23): error C2039: 'data': 'TinyLogger::Logger'의 멤버가 아닙니다.
C:\Users\Ataraxia\source\repos\OpenMP_practice\TinyLogger\TinyLogger.h(34): message : 'TinyLogger::Logger' 선언을 참조하십시오.
C:\Users\Ataraxia\source\repos\OpenMP_practice\TinyLogger\TinyLogger.h(57,3): error C2530: 'v': 참조를 초기화해야 합니다.
C:\Users\Ataraxia\source\repos\OpenMP_practice\TinyLogger\TinyLogger.h(57,3): error C3531: 'v': 형식에 'auto'이(가) 포함된 기호에는 이니셜라이저가 있어야 합니다.
C:\Users\Ataraxia\source\repos\OpenMP_practice\TinyLogger\TinyLogger.h(57,16): error C2143: 구문 오류: ';'이(가) ':' 앞에 없습니다.
C:\Users\Ataraxia\source\repos\OpenMP_practice\TinyLogger\TinyLogger.h(57,27): error C2143: 구문 오류: ';'이(가) ')' 앞에 없습니다.
C:\Users\Ataraxia\source\repos\OpenMP_practice\TinyLogger\TinyLogger.h(63,24): error C2039: 'data': 'TinyLogger::Logger'의 멤버가 아닙니다.
C:\Users\Ataraxia\source\repos\OpenMP_practice\TinyLogger\TinyLogger.h(34): message : 'TinyLogger::Logger' 선언을 참조하십시오.
C:\Users\Ataraxia\source\repos\OpenMP_practice\TinyLogger\TinyLogger.h(63,4): error C2530: 'v': 참조를 초기화해야 합니다.
C:\Users\Ataraxia\source\repos\OpenMP_practice\TinyLogger\TinyLogger.h(63,4): error C3531: 'v': 형식에 'auto'이(가) 포함된 기호에는 이니셜라이저가 있어야 합니다.
C:\Users\Ataraxia\source\repos\OpenMP_practice\TinyLogger\TinyLogger.h(63,17): error C2143: 구문 오류: ';'이(가) ':' 앞에 없습니다.
C:\Users\Ataraxia\source\repos\OpenMP_practice\TinyLogger\TinyLogger.h(63,28): error C2143: 구문 오류: ';'이(가) ')' 앞에 없습니다.
C:\Users\Ataraxia\source\repos\OpenMP_practice\TinyLogger\TinyLogger.h(64,10): error C2039: 'visit': 'std'의 멤버가 아닙니다.
C:\Program Files (x86)\Microsoft Visual Studio\2019\Community\VC\Tools\MSVC\14.29.30133\include\iostream(19): message : 'std' 선언을 참조하십시오.
C:\Users\Ataraxia\source\repos\OpenMP_practice\TinyLogger\TinyLogger.h(64,15): error C3861: 'visit': 식별자를 찾을 수 없습니다.
